<?xml version="1.0" encoding="UTF-8"?>
<testng-results ignored="0" total="3" passed="2" failed="1" skipped="0">
  <reporter-output>
  </reporter-output>
  <suite started-at="2021-05-31T18:09:29 IST" name="Default suite" finished-at="2021-05-31T18:10:15 IST" duration-ms="46329">
    <groups>
      <group name="cucumber">
        <method signature="AbstractTestNGCucumberTests.runScenario(io.cucumber.testng.PickleWrapper, io.cucumber.testng.FeatureWrapper)[pri:0, instance:Runner_files.Yourprofile_positive_runner@e15b7e8]" name="runScenario" class="io.cucumber.testng.AbstractTestNGCucumberTests"/>
      </group> <!-- cucumber -->
    </groups>
    <test started-at="2021-05-31T18:09:29 IST" name="Default test" finished-at="2021-05-31T18:10:15 IST" duration-ms="46329">
      <class name="Runner_files.Yourprofile_positive_runner">
        <test-method is-config="true" signature="setUpClass()[pri:0, instance:Runner_files.Yourprofile_positive_runner@e15b7e8]" started-at="2021-05-31T18:09:29 IST" name="setUpClass" finished-at="2021-05-31T18:09:31 IST" duration-ms="2079" status="PASS">
          <reporter-output>
          </reporter-output>
        </test-method> <!-- setUpClass -->
        <test-method signature="runScenario(io.cucumber.testng.PickleWrapper, io.cucumber.testng.FeatureWrapper)[pri:0, instance:Runner_files.Yourprofile_positive_runner@e15b7e8]" started-at="2021-05-31T18:09:31 IST" name="runScenario" description="Runs Cucumber Scenarios" data-provider="scenarios" finished-at="2021-05-31T18:10:04 IST" duration-ms="33040" status="PASS">
          <params>
            <param index="0">
              <value>
                <![CDATA["Validate that the  Your Profile  title  should be present in  Your Profile screen"]]>
              </value>
            </param>
            <param index="1">
              <value>
                <![CDATA["Optional[Test Your profile positive functionality]"]]>
              </value>
            </param>
          </params>
          <reporter-output>
          </reporter-output>
        </test-method> <!-- runScenario -->
        <test-method signature="runScenario(io.cucumber.testng.PickleWrapper, io.cucumber.testng.FeatureWrapper)[pri:0, instance:Runner_files.Yourprofile_positive_runner@e15b7e8]" started-at="2021-05-31T18:10:04 IST" name="runScenario" description="Runs Cucumber Scenarios" data-provider="scenarios" finished-at="2021-05-31T18:10:07 IST" duration-ms="2946" status="PASS">
          <params>
            <param index="0">
              <value>
                <![CDATA["Validate that dialogue box will appear and able to enter the security code and password , when user click on edit icon"]]>
              </value>
            </param>
            <param index="1">
              <value>
                <![CDATA["Optional[Test Your profile positive functionality]"]]>
              </value>
            </param>
          </params>
          <reporter-output>
          </reporter-output>
        </test-method> <!-- runScenario -->
        <test-method signature="runScenario(io.cucumber.testng.PickleWrapper, io.cucumber.testng.FeatureWrapper)[pri:0, instance:Runner_files.Yourprofile_positive_runner@e15b7e8]" started-at="2021-05-31T18:10:07 IST" name="runScenario" description="Runs Cucumber Scenarios" data-provider="scenarios" finished-at="2021-05-31T18:10:12 IST" duration-ms="5233" status="FAIL">
          <params>
            <param index="0">
              <value>
                <![CDATA["Validate that the user is able to edit  the profile details"]]>
              </value>
            </param>
            <param index="1">
              <value>
                <![CDATA["Optional[Test Your profile positive functionality]"]]>
              </value>
            </param>
          </params>
          <exception class="org.openqa.selenium.NoSuchElementException">
            <message>
              <![CDATA[no such element: Unable to locate element: {"method":"xpath","selector":"//div[contains(text(),'Male')]"}
  (Session info: chrome=91.0.4472.77)
For documentation on this error, please visit: http://seleniumhq.org/exceptions/no_such_element.html
Build info: version: '3.12.0', revision: '7c6e0b3', time: '2018-05-08T14:04:26.12Z'
System info: host: 'DESKTOP-L6MSIP1', ip: '192.168.1.3', os.name: 'Windows 10', os.arch: 'amd64', os.version: '10.0', java.version: '11.0.2'
Driver info: org.openqa.selenium.chrome.ChromeDriver
Capabilities {acceptInsecureCerts: false, browserName: chrome, browserVersion: 91.0.4472.77, chrome: {chromedriverVersion: 90.0.4430.24 (4c6d850f087da..., userDataDir: C:\Users\Admin\AppData\Loca...}, goog:chromeOptions: {debuggerAddress: localhost:53904}, javascriptEnabled: true, networkConnectionEnabled: false, pageLoadStrategy: normal, platform: WINDOWS, platformName: WINDOWS, proxy: Proxy(), setWindowRect: true, strictFileInteractability: false, timeouts: {implicit: 0, pageLoad: 300000, script: 30000}, unhandledPromptBehavior: dismiss and notify, webauthn:extension:largeBlob: true, webauthn:virtualAuthenticators: true}
Session ID: e32beef7639f12f40585730a52b0c018
*** Element info: {Using=xpath, value=//div[contains(text(),'Male')]}]]>
            </message>
            <full-stacktrace>
              <![CDATA[org.openqa.selenium.NoSuchElementException: no such element: Unable to locate element: {"method":"xpath","selector":"//div[contains(text(),'Male')]"}
  (Session info: chrome=91.0.4472.77)
For documentation on this error, please visit: http://seleniumhq.org/exceptions/no_such_element.html
Build info: version: '3.12.0', revision: '7c6e0b3', time: '2018-05-08T14:04:26.12Z'
System info: host: 'DESKTOP-L6MSIP1', ip: '192.168.1.3', os.name: 'Windows 10', os.arch: 'amd64', os.version: '10.0', java.version: '11.0.2'
Driver info: org.openqa.selenium.chrome.ChromeDriver
Capabilities {acceptInsecureCerts: false, browserName: chrome, browserVersion: 91.0.4472.77, chrome: {chromedriverVersion: 90.0.4430.24 (4c6d850f087da..., userDataDir: C:\Users\Admin\AppData\Loca...}, goog:chromeOptions: {debuggerAddress: localhost:53904}, javascriptEnabled: true, networkConnectionEnabled: false, pageLoadStrategy: normal, platform: WINDOWS, platformName: WINDOWS, proxy: Proxy(), setWindowRect: true, strictFileInteractability: false, timeouts: {implicit: 0, pageLoad: 300000, script: 30000}, unhandledPromptBehavior: dismiss and notify, webauthn:extension:largeBlob: true, webauthn:virtualAuthenticators: true}
Session ID: e32beef7639f12f40585730a52b0c018
*** Element info: {Using=xpath, value=//div[contains(text(),'Male')]}
at java.base/jdk.internal.reflect.NativeConstructorAccessorImpl.newInstance0(Native Method)
at java.base/jdk.internal.reflect.NativeConstructorAccessorImpl.newInstance(NativeConstructorAccessorImpl.java:62)
at java.base/jdk.internal.reflect.DelegatingConstructorAccessorImpl.newInstance(DelegatingConstructorAccessorImpl.java:45)
at java.base/java.lang.reflect.Constructor.newInstance(Constructor.java:490)
at org.openqa.selenium.remote.http.W3CHttpResponseCodec.createException(W3CHttpResponseCodec.java:187)
at org.openqa.selenium.remote.http.W3CHttpResponseCodec.decode(W3CHttpResponseCodec.java:122)
at org.openqa.selenium.remote.http.W3CHttpResponseCodec.decode(W3CHttpResponseCodec.java:49)
at org.openqa.selenium.remote.HttpCommandExecutor.execute(HttpCommandExecutor.java:158)
at org.openqa.selenium.remote.service.DriverCommandExecutor.execute(DriverCommandExecutor.java:83)
at org.openqa.selenium.remote.RemoteWebDriver.execute(RemoteWebDriver.java:543)
at org.openqa.selenium.remote.RemoteWebDriver.findElement(RemoteWebDriver.java:317)
at org.openqa.selenium.remote.RemoteWebDriver.findElementByXPath(RemoteWebDriver.java:419)
at org.openqa.selenium.By$ByXPath.findElement(By.java:353)
at org.openqa.selenium.remote.RemoteWebDriver.findElement(RemoteWebDriver.java:309)
at Reusable_Functions.Generic_function.click(Generic_function.java:135)
at Yourprofile_positive_scenarios.Yourprofile_positive_scenarios.yourprofile_positive_tc_003(Yourprofile_positive_scenarios.java:82)
at ✽.User is able to edit  the profile details(file:///C:/Users/Admin/Downloads/Circle_positive_webauto-main/src/main/java/Yourprofile_positive_scenarios/Yourprofile_positive_scenarios.feature:11)
]]>
            </full-stacktrace>
          </exception> <!-- org.openqa.selenium.NoSuchElementException -->
          <reporter-output>
          </reporter-output>
        </test-method> <!-- runScenario -->
        <test-method is-config="true" signature="tearDownClass()[pri:0, instance:Runner_files.Yourprofile_positive_runner@e15b7e8]" started-at="2021-05-31T18:10:12 IST" name="tearDownClass" finished-at="2021-05-31T18:10:15 IST" duration-ms="2933" status="PASS">
          <reporter-output>
          </reporter-output>
        </test-method> <!-- tearDownClass -->
      </class> <!-- Runner_files.Yourprofile_positive_runner -->
    </test> <!-- Default test -->
  </suite> <!-- Default suite -->
</testng-results>
